2022-04-16 00:32:09.194 [main] ERROR c.example.gatewayservice.GatewayServiceApplication -      error
2022-04-16 00:35:12.748 [reactor-http-nio-3] ERROR i.n.resolver.dns.DnsServerAddressStreamProviders - Unable to load io.netty.resolver.dns.macos.MacOSDnsServerAddressStreamProvider, fallback to system defaults. This may result in incorrect DNS resolutions on MacOS.
java.lang.reflect.InvocationTargetException: null
	at java.base/jdk.internal.reflect.NativeConstructorAccessorImpl.newInstance0(Native Method)
	at java.base/jdk.internal.reflect.NativeConstructorAccessorImpl.newInstance(NativeConstructorAccessorImpl.java:62)
	at java.base/jdk.internal.reflect.DelegatingConstructorAccessorImpl.newInstance(DelegatingConstructorAccessorImpl.java:45)
	at java.base/java.lang.reflect.Constructor.newInstance(Constructor.java:490)
	at io.netty.resolver.dns.DnsServerAddressStreamProviders.<clinit>(DnsServerAddressStreamProviders.java:64)
	at io.netty.resolver.dns.DnsNameResolverBuilder.<init>(DnsNameResolverBuilder.java:60)
	at reactor.netty.transport.NameResolverProvider.newNameResolverGroup(NameResolverProvider.java:479)
	at reactor.netty.tcp.TcpResources.getOrCreateDefaultResolver(TcpResources.java:315)
	at reactor.netty.http.HttpResources.getOrCreateDefaultResolver(HttpResources.java:152)
	at reactor.netty.http.client.HttpClientConfig.defaultAddressResolverGroup(HttpClientConfig.java:383)
	at reactor.netty.transport.ClientTransportConfig.resolverInternal(ClientTransportConfig.java:224)
	at reactor.netty.http.client.HttpClientConfig.resolverInternal(HttpClientConfig.java:437)
	at reactor.netty.http.client.HttpClientConnect$MonoHttpConnect.lambda$subscribe$0(HttpClientConnect.java:264)
	at reactor.core.publisher.MonoCreate.subscribe(MonoCreate.java:57)
	at reactor.core.publisher.FluxRetryWhen.subscribe(FluxRetryWhen.java:77)
	at reactor.core.publisher.MonoRetryWhen.subscribeOrReturn(MonoRetryWhen.java:46)
	at reactor.core.publisher.InternalMonoOperator.subscribe(InternalMonoOperator.java:57)
	at reactor.netty.http.client.HttpClientConnect$MonoHttpConnect.subscribe(HttpClientConnect.java:271)
	at reactor.core.publisher.Flux.subscribe(Flux.java:8469)
	at reactor.core.publisher.MonoIgnoreThen$ThenIgnoreMain.subscribeNext(MonoIgnoreThen.java:263)
	at reactor.core.publisher.MonoIgnoreThen.subscribe(MonoIgnoreThen.java:51)
	at reactor.core.publisher.MonoDefer.subscribe(MonoDefer.java:52)
	at reactor.core.publisher.MonoDefer.subscribe(MonoDefer.java:52)
	at reactor.core.publisher.MonoDefer.subscribe(MonoDefer.java:52)
	at reactor.core.publisher.MonoDefer.subscribe(MonoDefer.java:52)
	at reactor.core.publisher.Mono.subscribe(Mono.java:4400)
	at reactor.core.publisher.MonoIgnoreThen$ThenIgnoreMain.subscribeNext(MonoIgnoreThen.java:263)
	at reactor.core.publisher.MonoIgnoreThen.subscribe(MonoIgnoreThen.java:51)
	at reactor.core.publisher.MonoDefer.subscribe(MonoDefer.java:52)
	at reactor.core.publisher.Mono.subscribe(Mono.java:4400)
	at reactor.core.publisher.MonoIgnoreThen$ThenIgnoreMain.subscribeNext(MonoIgnoreThen.java:263)
	at reactor.core.publisher.MonoIgnoreThen.subscribe(MonoIgnoreThen.java:51)
	at reactor.core.publisher.MonoDefer.subscribe(MonoDefer.java:52)
	at reactor.core.publisher.MonoDefer.subscribe(MonoDefer.java:52)
	at reactor.core.publisher.Mono.subscribe(Mono.java:4400)
	at reactor.core.publisher.MonoIgnoreThen$ThenIgnoreMain.subscribeNext(MonoIgnoreThen.java:263)
	at reactor.core.publisher.MonoIgnoreThen.subscribe(MonoIgnoreThen.java:51)
	at reactor.core.publisher.InternalMonoOperator.subscribe(InternalMonoOperator.java:64)
	at reactor.core.publisher.MonoDefer.subscribe(MonoDefer.java:52)
	at reactor.core.publisher.MonoDefer.subscribe(MonoDefer.java:52)
	at reactor.core.publisher.InternalMonoOperator.subscribe(InternalMonoOperator.java:64)
	at reactor.core.publisher.MonoDefer.subscribe(MonoDefer.java:52)
	at reactor.core.publisher.Mono.subscribe(Mono.java:4400)
	at reactor.core.publisher.MonoIgnoreThen$ThenIgnoreMain.subscribeNext(MonoIgnoreThen.java:263)
	at reactor.core.publisher.MonoIgnoreThen.subscribe(MonoIgnoreThen.java:51)
	at reactor.core.publisher.MonoFlatMap$FlatMapMain.onNext(MonoFlatMap.java:157)
	at reactor.core.publisher.FluxSwitchIfEmpty$SwitchIfEmptySubscriber.onNext(FluxSwitchIfEmpty.java:74)
	at reactor.core.publisher.MonoNext$NextSubscriber.onNext(MonoNext.java:82)
	at reactor.core.publisher.FluxConcatMap$ConcatMapImmediate.innerNext(FluxConcatMap.java:282)
	at reactor.core.publisher.FluxConcatMap$ConcatMapInner.onNext(FluxConcatMap.java:863)
	at reactor.core.publisher.FluxMap$MapSubscriber.onNext(FluxMap.java:120)
	at reactor.core.publisher.FluxSwitchIfEmpty$SwitchIfEmptySubscriber.onNext(FluxSwitchIfEmpty.java:74)
	at reactor.core.publisher.Operators$MonoSubscriber.complete(Operators.java:1816)
	at reactor.core.publisher.MonoFlatMap$FlatMapMain.onNext(MonoFlatMap.java:151)
	at reactor.core.publisher.FluxMap$MapSubscriber.onNext(FluxMap.java:120)
	at reactor.core.publisher.MonoNext$NextSubscriber.onNext(MonoNext.java:82)
	at reactor.core.publisher.FluxConcatMap$ConcatMapImmediate.innerNext(FluxConcatMap.java:282)
	at reactor.core.publisher.FluxConcatMap$ConcatMapInner.onNext(FluxConcatMap.java:863)
	at reactor.core.publisher.FluxOnErrorResume$ResumeSubscriber.onNext(FluxOnErrorResume.java:79)
	at reactor.core.publisher.MonoPeekTerminal$MonoTerminalPeekSubscriber.onNext(MonoPeekTerminal.java:180)
	at reactor.core.publisher.Operators$MonoSubscriber.complete(Operators.java:1816)
	at reactor.core.publisher.MonoFilterWhen$MonoFilterWhenMain.onNext(MonoFilterWhen.java:149)
	at reactor.core.publisher.Operators$ScalarSubscription.request(Operators.java:2398)
	at reactor.core.publisher.MonoFilterWhen$MonoFilterWhenMain.onSubscribe(MonoFilterWhen.java:112)
	at reactor.core.publisher.MonoJust.subscribe(MonoJust.java:55)
	at reactor.core.publisher.Mono.subscribe(Mono.java:4400)
	at reactor.core.publisher.FluxConcatMap$ConcatMapImmediate.drain(FluxConcatMap.java:451)
	at reactor.core.publisher.FluxConcatMap$ConcatMapImmediate.onNext(FluxConcatMap.java:251)
	at reactor.core.publisher.FluxDematerialize$DematerializeSubscriber.onNext(FluxDematerialize.java:98)
	at reactor.core.publisher.FluxDematerialize$DematerializeSubscriber.onNext(FluxDematerialize.java:44)
	at reactor.core.publisher.FluxIterable$IterableSubscription.slowPath(FluxIterable.java:272)
	at reactor.core.publisher.FluxIterable$IterableSubscription.request(FluxIterable.java:230)
	at reactor.core.publisher.FluxDematerialize$DematerializeSubscriber.request(FluxDematerialize.java:127)
	at reactor.core.publisher.FluxConcatMap$ConcatMapImmediate.onSubscribe(FluxConcatMap.java:236)
	at reactor.core.publisher.FluxDematerialize$DematerializeSubscriber.onSubscribe(FluxDematerialize.java:77)
	at reactor.core.publisher.FluxIterable.subscribe(FluxIterable.java:165)
	at reactor.core.publisher.FluxIterable.subscribe(FluxIterable.java:87)
	at reactor.core.publisher.InternalFluxOperator.subscribe(InternalFluxOperator.java:62)
	at reactor.core.publisher.FluxDefer.subscribe(FluxDefer.java:54)
	at reactor.core.publisher.Mono.subscribe(Mono.java:4400)
	at reactor.core.publisher.FluxConcatMap$ConcatMapImmediate.drain(FluxConcatMap.java:451)
	at reactor.core.publisher.FluxConcatMap$ConcatMapImmediate.onSubscribe(FluxConcatMap.java:219)
	at reactor.core.publisher.FluxIterable.subscribe(FluxIterable.java:165)
	at reactor.core.publisher.FluxIterable.subscribe(FluxIterable.java:87)
	at reactor.core.publisher.InternalMonoOperator.subscribe(InternalMonoOperator.java:64)
	at reactor.core.publisher.MonoDefer.subscribe(MonoDefer.java:52)
	at reactor.core.publisher.InternalMonoOperator.subscribe(InternalMonoOperator.java:64)
	at reactor.core.publisher.MonoDefer.subscribe(MonoDefer.java:52)
	at reactor.core.publisher.Mono.subscribe(Mono.java:4400)
	at reactor.core.publisher.MonoIgnoreThen$ThenIgnoreMain.subscribeNext(MonoIgnoreThen.java:263)
	at reactor.core.publisher.MonoIgnoreThen.subscribe(MonoIgnoreThen.java:51)
	at reactor.core.publisher.InternalMonoOperator.subscribe(InternalMonoOperator.java:64)
	at reactor.core.publisher.MonoDeferContextual.subscribe(MonoDeferContextual.java:55)
	at reactor.netty.http.server.HttpServer$HttpServerHandle.onStateChange(HttpServer.java:967)
	at reactor.netty.ReactorNetty$CompositeConnectionObserver.onStateChange(ReactorNetty.java:677)
	at reactor.netty.transport.ServerTransport$ChildObserver.onStateChange(ServerTransport.java:478)
	at reactor.netty.http.server.HttpServerOperations.onInboundNext(HttpServerOperations.java:570)
	at reactor.netty.channel.ChannelOperationsHandler.channelRead(ChannelOperationsHandler.java:93)
	at io.netty.channel.AbstractChannelHandlerContext.invokeChannelRead(AbstractChannelHandlerContext.java:379)
	at io.netty.channel.AbstractChannelHandlerContext.invokeChannelRead(AbstractChannelHandlerContext.java:365)
	at io.netty.channel.AbstractChannelHandlerContext.fireChannelRead(AbstractChannelHandlerContext.java:357)
	at reactor.netty.http.server.HttpTrafficHandler.channelRead(HttpTrafficHandler.java:222)
	at io.netty.channel.AbstractChannelHandlerContext.invokeChannelRead(AbstractChannelHandlerContext.java:379)
	at io.netty.channel.AbstractChannelHandlerContext.invokeChannelRead(AbstractChannelHandlerContext.java:365)
	at io.netty.channel.AbstractChannelHandlerContext.fireChannelRead(AbstractChannelHandlerContext.java:357)
	at io.netty.channel.CombinedChannelDuplexHandler$DelegatingChannelHandlerContext.fireChannelRead(CombinedChannelDuplexHandler.java:436)
	at io.netty.handler.codec.ByteToMessageDecoder.fireChannelRead(ByteToMessageDecoder.java:327)
	at io.netty.handler.codec.ByteToMessageDecoder.channelRead(ByteToMessageDecoder.java:299)
	at io.netty.channel.CombinedChannelDuplexHandler.channelRead(CombinedChannelDuplexHandler.java:251)
	at io.netty.channel.AbstractChannelHandlerContext.invokeChannelRead(AbstractChannelHandlerContext.java:379)
	at io.netty.channel.AbstractChannelHandlerContext.invokeChannelRead(AbstractChannelHandlerContext.java:365)
	at io.netty.channel.AbstractChannelHandlerContext.fireChannelRead(AbstractChannelHandlerContext.java:357)
	at io.netty.channel.DefaultChannelPipeline$HeadContext.channelRead(DefaultChannelPipeline.java:1410)
	at io.netty.channel.AbstractChannelHandlerContext.invokeChannelRead(AbstractChannelHandlerContext.java:379)
	at io.netty.channel.AbstractChannelHandlerContext.invokeChannelRead(AbstractChannelHandlerContext.java:365)
	at io.netty.channel.DefaultChannelPipeline.fireChannelRead(DefaultChannelPipeline.java:919)
	at io.netty.channel.nio.AbstractNioByteChannel$NioByteUnsafe.read(AbstractNioByteChannel.java:166)
	at io.netty.channel.nio.NioEventLoop.processSelectedKey(NioEventLoop.java:722)
	at io.netty.channel.nio.NioEventLoop.processSelectedKeysOptimized(NioEventLoop.java:658)
	at io.netty.channel.nio.NioEventLoop.processSelectedKeys(NioEventLoop.java:584)
	at io.netty.channel.nio.NioEventLoop.run(NioEventLoop.java:496)
	at io.netty.util.concurrent.SingleThreadEventExecutor$4.run(SingleThreadEventExecutor.java:986)
	at io.netty.util.internal.ThreadExecutorMap$2.run(ThreadExecutorMap.java:74)
	at io.netty.util.concurrent.FastThreadLocalRunnable.run(FastThreadLocalRunnable.java:30)
	at java.base/java.lang.Thread.run(Thread.java:829)
Caused by: java.lang.UnsatisfiedLinkError: failed to load the required native library
	at io.netty.resolver.dns.macos.MacOSDnsServerAddressStreamProvider.ensureAvailability(MacOSDnsServerAddressStreamProvider.java:110)
	at io.netty.resolver.dns.macos.MacOSDnsServerAddressStreamProvider.<init>(MacOSDnsServerAddressStreamProvider.java:120)
	... 125 common frames omitted
Caused by: java.lang.UnsatisfiedLinkError: could not load a native library: netty_resolver_dns_native_macos_aarch_64
	at io.netty.util.internal.NativeLibraryLoader.load(NativeLibraryLoader.java:224)
	at io.netty.resolver.dns.macos.MacOSDnsServerAddressStreamProvider.loadNativeLibrary(MacOSDnsServerAddressStreamProvider.java:92)
	at io.netty.resolver.dns.macos.MacOSDnsServerAddressStreamProvider.<clinit>(MacOSDnsServerAddressStreamProvider.java:77)
	at java.base/java.lang.Class.forName0(Native Method)
	at java.base/java.lang.Class.forName(Class.java:398)
	at io.netty.resolver.dns.DnsServerAddressStreamProviders$1.run(DnsServerAddressStreamProviders.java:50)
	at java.base/java.security.AccessController.doPrivileged(Native Method)
	at io.netty.resolver.dns.DnsServerAddressStreamProviders.<clinit>(DnsServerAddressStreamProviders.java:46)
	... 120 common frames omitted
	Suppressed: java.lang.UnsatisfiedLinkError: could not load a native library: netty_resolver_dns_native_macos
		at io.netty.util.internal.NativeLibraryLoader.load(NativeLibraryLoader.java:224)
		at io.netty.resolver.dns.macos.MacOSDnsServerAddressStreamProvider.loadNativeLibrary(MacOSDnsServerAddressStreamProvider.java:95)
		... 126 common frames omitted
	Caused by: java.io.FileNotFoundException: META-INF/native/libnetty_resolver_dns_native_macos.jnilib
		at io.netty.util.internal.NativeLibraryLoader.load(NativeLibraryLoader.java:166)
		... 127 common frames omitted
		Suppressed: java.lang.UnsatisfiedLinkError: no netty_resolver_dns_native_macos in java.library.path: [/Users/dongunyun/Library/Java/Extensions, /Library/Java/Extensions, /Network/Library/Java/Extensions, /System/Library/Java/Extensions, /usr/lib/java, .]
			at java.base/java.lang.ClassLoader.loadLibrary(ClassLoader.java:2670)
			at java.base/java.lang.Runtime.loadLibrary0(Runtime.java:830)
			at java.base/java.lang.System.loadLibrary(System.java:1873)
			at io.netty.util.internal.NativeLibraryUtil.loadLibrary(NativeLibraryUtil.java:38)
			at io.netty.util.internal.NativeLibraryLoader.loadLibrary(NativeLibraryLoader.java:376)
			at io.netty.util.internal.NativeLibraryLoader.load(NativeLibraryLoader.java:146)
			... 127 common frames omitted
			Suppressed: java.lang.UnsatisfiedLinkError: no netty_resolver_dns_native_macos in java.library.path: [/Users/dongunyun/Library/Java/Extensions, /Library/Java/Extensions, /Network/Library/Java/Extensions, /System/Library/Java/Extensions, /usr/lib/java, .]
				at java.base/java.lang.ClassLoader.loadLibrary(ClassLoader.java:2670)
				at java.base/java.lang.Runtime.loadLibrary0(Runtime.java:830)
				at java.base/java.lang.System.loadLibrary(System.java:1873)
				at io.netty.util.internal.NativeLibraryUtil.loadLibrary(NativeLibraryUtil.java:38)
				at java.base/jdk.internal.reflect.NativeMethodAccessorImpl.invoke0(Native Method)
				at java.base/jdk.internal.reflect.NativeMethodAccessorImpl.invoke(NativeMethodAccessorImpl.java:62)
				at java.base/jdk.internal.reflect.DelegatingMethodAccessorImpl.invoke(DelegatingMethodAccessorImpl.java:43)
				at java.base/java.lang.reflect.Method.invoke(Method.java:566)
				at io.netty.util.internal.NativeLibraryLoader$1.run(NativeLibraryLoader.java:410)
				at java.base/java.security.AccessController.doPrivileged(Native Method)
				at io.netty.util.internal.NativeLibraryLoader.loadLibraryByHelper(NativeLibraryLoader.java:402)
				at io.netty.util.internal.NativeLibraryLoader.loadLibrary(NativeLibraryLoader.java:368)
				... 128 common frames omitted
Caused by: java.io.FileNotFoundException: META-INF/native/libnetty_resolver_dns_native_macos_aarch_64.jnilib
	at io.netty.util.internal.NativeLibraryLoader.load(NativeLibraryLoader.java:166)
	... 127 common frames omitted
	Suppressed: java.lang.UnsatisfiedLinkError: no netty_resolver_dns_native_macos_aarch_64 in java.library.path: [/Users/dongunyun/Library/Java/Extensions, /Library/Java/Extensions, /Network/Library/Java/Extensions, /System/Library/Java/Extensions, /usr/lib/java, .]
		at java.base/java.lang.ClassLoader.loadLibrary(ClassLoader.java:2670)
		at java.base/java.lang.Runtime.loadLibrary0(Runtime.java:830)
		at java.base/java.lang.System.loadLibrary(System.java:1873)
		at io.netty.util.internal.NativeLibraryUtil.loadLibrary(NativeLibraryUtil.java:38)
		at io.netty.util.internal.NativeLibraryLoader.loadLibrary(NativeLibraryLoader.java:376)
		at io.netty.util.internal.NativeLibraryLoader.load(NativeLibraryLoader.java:146)
		... 127 common frames omitted
		Suppressed: java.lang.UnsatisfiedLinkError: no netty_resolver_dns_native_macos_aarch_64 in java.library.path: [/Users/dongunyun/Library/Java/Extensions, /Library/Java/Extensions, /Network/Library/Java/Extensions, /System/Library/Java/Extensions, /usr/lib/java, .]
			at java.base/java.lang.ClassLoader.loadLibrary(ClassLoader.java:2670)
			at java.base/java.lang.Runtime.loadLibrary0(Runtime.java:830)
			at java.base/java.lang.System.loadLibrary(System.java:1873)
			at io.netty.util.internal.NativeLibraryUtil.loadLibrary(NativeLibraryUtil.java:38)
			at java.base/jdk.internal.reflect.NativeMethodAccessorImpl.invoke0(Native Method)
			at java.base/jdk.internal.reflect.NativeMethodAccessorImpl.invoke(NativeMethodAccessorImpl.java:62)
			at java.base/jdk.internal.reflect.DelegatingMethodAccessorImpl.invoke(DelegatingMethodAccessorImpl.java:43)
			at java.base/java.lang.reflect.Method.invoke(Method.java:566)
			at io.netty.util.internal.NativeLibraryLoader$1.run(NativeLibraryLoader.java:410)
			at java.base/java.security.AccessController.doPrivileged(Native Method)
			at io.netty.util.internal.NativeLibraryLoader.loadLibraryByHelper(NativeLibraryLoader.java:402)
			at io.netty.util.internal.NativeLibraryLoader.loadLibrary(NativeLibraryLoader.java:368)
			... 128 common frames omitted
